0 info it worked if it ends with ok
1 verbose cli [ 'node', '/usr/local/bin/npm', 'install', 'phpmailer' ]
2 info using npm@2.11.3
3 info using node@v0.12.7
4 verbose install initial load of /Users/Borys/Documents/Programming/Projects/MyNewSite/package.json
5 warn package.json dz1@ No repository field.
6 warn package.json dz1@ No license field.
7 verbose installManyTop reading scoped package data from /Users/Borys/Documents/Programming/Projects/MyNewSite/node_modules/browser-sync/package.json
8 verbose readDependencies loading dependencies from /Users/Borys/Documents/Programming/Projects/MyNewSite/package.json
9 silly cache add args [ 'phpmailer', null ]
10 verbose cache add spec phpmailer
11 silly cache add parsed spec { raw: 'phpmailer',
11 silly cache add   scope: null,
11 silly cache add   name: 'phpmailer',
11 silly cache add   rawSpec: '',
11 silly cache add   spec: '*',
11 silly cache add   type: 'range' }
12 silly addNamed phpmailer@*
13 verbose addNamed "*" is a valid semver range for phpmailer
14 silly addNameRange { name: 'phpmailer', range: '*', hasData: false }
15 silly mapToRegistry name phpmailer
16 silly mapToRegistry using default registry
17 silly mapToRegistry registry https://registry.npmjs.org/
18 silly mapToRegistry uri https://registry.npmjs.org/phpmailer
19 verbose addNameRange registry:https://registry.npmjs.org/phpmailer not in flight; fetching
20 verbose request uri https://registry.npmjs.org/phpmailer
21 verbose request no auth needed
22 info attempt registry request try #1 at 5:35:37 AM
23 verbose request id c17a1f240fdd48e4
24 http request GET https://registry.npmjs.org/phpmailer
25 http 404 https://registry.npmjs.org/phpmailer
26 verbose headers { 'content-type': 'application/json',
26 verbose headers   'cache-control': 'max-age=0',
26 verbose headers   'content-length': '2',
26 verbose headers   'accept-ranges': 'bytes',
26 verbose headers   date: 'Fri, 15 Jan 2016 04:35:37 GMT',
26 verbose headers   via: '1.1 varnish',
26 verbose headers   age: '0',
26 verbose headers   connection: 'keep-alive',
26 verbose headers   'x-served-by': 'cache-fra1241-FRA',
26 verbose headers   'x-cache': 'MISS',
26 verbose headers   'x-cache-hits': '0',
26 verbose headers   'x-timer': 'S1452832537.239861,VS0,VE408' }
27 silly get cb [ 404,
27 silly get   { 'content-type': 'application/json',
27 silly get     'cache-control': 'max-age=0',
27 silly get     'content-length': '2',
27 silly get     'accept-ranges': 'bytes',
27 silly get     date: 'Fri, 15 Jan 2016 04:35:37 GMT',
27 silly get     via: '1.1 varnish',
27 silly get     age: '0',
27 silly get     connection: 'keep-alive',
27 silly get     'x-served-by': 'cache-fra1241-FRA',
27 silly get     'x-cache': 'MISS',
27 silly get     'x-cache-hits': '0',
27 silly get     'x-timer': 'S1452832537.239861,VS0,VE408' } ]
28 verbose stack Error: Registry returned 404 for GET on https://registry.npmjs.org/phpmailer
28 verbose stack     at CachingRegistryClient.<anonymous> (/usr/local/lib/node_modules/npm/node_modules/npm-registry-client/lib/request.js:239:14)
28 verbose stack     at Request._callback (/usr/local/lib/node_modules/npm/node_modules/npm-registry-client/lib/request.js:170:14)
28 verbose stack     at Request.self.callback (/usr/local/lib/node_modules/npm/node_modules/request/request.js:354:22)
28 verbose stack     at Request.emit (events.js:110:17)
28 verbose stack     at Request.<anonymous> (/usr/local/lib/node_modules/npm/node_modules/request/request.js:1207:14)
28 verbose stack     at Request.emit (events.js:129:20)
28 verbose stack     at IncomingMessage.<anonymous> (/usr/local/lib/node_modules/npm/node_modules/request/request.js:1153:12)
28 verbose stack     at IncomingMessage.emit (events.js:129:20)
28 verbose stack     at _stream_readable.js:908:16
28 verbose stack     at process._tickCallback (node.js:355:11)
29 verbose statusCode 404
30 verbose pkgid phpmailer
31 verbose cwd /Users/Borys/Documents/Programming/Projects/MyNewSite
32 error Darwin 14.5.0
33 error argv "node" "/usr/local/bin/npm" "install" "phpmailer"
34 error node v0.12.7
35 error npm  v2.11.3
36 error code E404
37 error 404 Registry returned 404 for GET on https://registry.npmjs.org/phpmailer
37 error 404
37 error 404 'phpmailer' is not in the npm registry.
37 error 404 You should bug the author to publish it (or use the name yourself!)
37 error 404 It was specified as a dependency of 'dz1'
37 error 404
37 error 404 Note that you can also install from a
37 error 404 tarball, folder, http url, or git url.
38 verbose exit [ 1, true ]
